[GIN-debug] GET    /v1/ping/                 --> github.com/jardelkuhnen/video-api/routes.addPingRoutes.func1 (4 handlers)
[GIN-debug] GET    /v1/videos/               --> github.com/jardelkuhnen/video-api/routes.addVideosRoutes.func1 (4 handlers)
[GIN-debug] POST   /v1/videos/               --> github.com/jardelkuhnen/video-api/routes.addVideosRoutes.func2 (4 handlers)
[GIN-debug] DELETE /v1/videos/               --> github.com/jardelkuhnen/video-api/routes.addVideosRoutes.func3 (4 handlers)
[GIN-debug] GET    /v1/ping-auth/            --> github.com/jardelkuhnen/video-api/routes.addPingAuthorizedRoutes.func1 (5 handlers)
[GIN-debug] GET    /v2/ping/                 --> github.com/jardelkuhnen/video-api/routes.addPingRoutes.func1 (4 handlers)
[GIN-debug] [WARNING] You trusted all proxies, this is NOT safe. We recommend you to set a value.
Please check https://pkg.go.dev/github.com/gin-gonic/gin#readme-don-t-trust-all-proxies for details.
[GIN-debug] Listening and serving HTTP on :8080
[GIN-debug] redirecting request 307: /v1/videos/ --> /v1/videos/
::1 - [18 Jun 22 11:46 -03] POST /v1/videos/ 400 249.672µs 
[GIN-debug] redirecting request 307: /v1/videos/ --> /v1/videos/
::1 - [18 Jun 22 11:49 -03] POST /v1/videos/ 200 98.532µs 
[GIN-debug] redirecting request 301: /v1/videos/ --> /v1/videos/
::1 - [18 Jun 22 11:49 -03] GET /v1/videos/ 200 38.194µs 
[GIN-debug] redirecting request 307: /v1/videos/ --> /v1/videos/
::1 - [18 Jun 22 11:49 -03] POST /v1/videos/ 400 68.396µs 
[GIN-debug] redirecting request 307: /v1/videos/ --> /v1/videos/
::1 - [18 Jun 22 11:50 -03] POST /v1/videos/ 400 54.233µs 
[GIN-debug] redirecting request 307: /v1/videos/ --> /v1/videos/
::1 - [18 Jun 22 11:50 -03] POST /v1/videos/ 400 599.131µs 
